<?xml version="1.0" encoding="UTF-8"?>
<!-- Generated by org.testng.reporters.JUnitXMLReporter -->
<testsuite hostname="Blue-PC" ignored="0" name="Surefire test" tests="19" failures="3" timestamp="2022-06-18T13:01:04 GMT+02:00" time="634.587" errors="0">
  <testcase name="runScenario" time="89.999" classname="io.cucumber.testng.AbstractTestNGCucumberTests"/>
  <testcase name="runScenario" time="30.746" classname="io.cucumber.testng.AbstractTestNGCucumberTests"/>
  <testcase name="runScenario" time="25.98" classname="io.cucumber.testng.AbstractTestNGCucumberTests"/>
  <testcase name="runScenario" time="21.225" classname="io.cucumber.testng.AbstractTestNGCucumberTests"/>
  <testcase name="runScenario" time="22.955" classname="io.cucumber.testng.AbstractTestNGCucumberTests"/>
  <testcase name="runScenario" time="24.072" classname="io.cucumber.testng.AbstractTestNGCucumberTests"/>
  <testcase name="runScenario" time="22.127" classname="io.cucumber.testng.AbstractTestNGCucumberTests"/>
  <testcase name="runScenario" time="27.405" classname="io.cucumber.testng.AbstractTestNGCucumberTests"/>
  <testcase name="runScenario" time="29.618" classname="io.cucumber.testng.AbstractTestNGCucumberTests"/>
  <testcase name="runScenario" time="32.62" classname="io.cucumber.testng.AbstractTestNGCucumberTests"/>
  <testcase name="runScenario" time="31.086" classname="io.cucumber.testng.AbstractTestNGCucumberTests"/>
  <testcase name="runScenario" time="15.342" classname="io.cucumber.testng.AbstractTestNGCucumberTests">
    <failure type="java.lang.AssertionError" message="Error: Slider 1 didn&amp;apos;t navigate to expected URL (Nokia) expected [true] but found [false]">
      <![CDATA[java.lang.AssertionError: Error: Slider 1 didn't navigate to expected URL (Nokia) expected [true] but found [false]
at org.example.stepDefinitions.SD6_Slider.nokiaAssurance(SD6_Slider.java:25)
at ✽.website go to Nokia page(file:///C:/Users/Blue/Desktop/Projects/E-CommerceAutomation/src/main/resources/features/F6_Slider.feature:7)
... Removed 3 stack frames]]>
    </failure>
  </testcase> <!-- runScenario -->
  <testcase name="runScenario" time="17.694" classname="io.cucumber.testng.AbstractTestNGCucumberTests">
    <failure type="java.lang.AssertionError" message="Error: Slider 2 didn&amp;apos;t navigate to expected URL (iphone 6) expected [true] but found [false]">
      <![CDATA[java.lang.AssertionError: Error: Slider 2 didn't navigate to expected URL (iphone 6) expected [true] but found [false]
at org.example.stepDefinitions.SD6_Slider.iphoneAssurance(SD6_Slider.java:35)
at ✽.website go to iphone 6 page(file:///C:/Users/Blue/Desktop/Projects/E-CommerceAutomation/src/main/resources/features/F6_Slider.feature:13)
... Removed 3 stack frames]]>
    </failure>
  </testcase> <!-- runScenario -->
  <testcase name="runScenario" time="77.575" classname="io.cucumber.testng.AbstractTestNGCucumberTests"/>
  <testcase name="runScenario" time="28.902" classname="io.cucumber.testng.AbstractTestNGCucumberTests"/>
  <testcase name="runScenario" time="14.528" classname="io.cucumber.testng.AbstractTestNGCucumberTests">
    <failure type="java.lang.AssertionError" message="Error: 3rd Social Link didn&amp;apos;t open a new tab expected [true] but found [false]">
      <![CDATA[java.lang.AssertionError: Error: 3rd Social Link didn't open a new tab expected [true] but found [false]
at org.example.stepDefinitions.SD7_FollowUs.rssAssurance(SD7_FollowUs.java:82)
at ✽.website open a new tab with RSS page(file:///C:/Users/Blue/Desktop/Projects/E-CommerceAutomation/src/main/resources/features/F7_FollowUs.feature:19)
... Removed 3 stack frames]]>
    </failure>
  </testcase> <!-- runScenario -->
  <testcase name="runScenario" time="85.701" classname="io.cucumber.testng.AbstractTestNGCucumberTests"/>
  <testcase name="runScenario" time="13.964" classname="io.cucumber.testng.AbstractTestNGCucumberTests"/>
  <testcase name="runScenario" time="16.678" classname="io.cucumber.testng.AbstractTestNGCucumberTests"/>
</testsuite> <!-- Surefire test -->
